2023-02-20 15:01:12,968 p=3203 u=anvar n=ansible | all:
  children:
    docker:
      hosts:
        host_1:
          ansible_host: 172.21.0.10
        host_2:
          ansible_host: 172.21.0.11
    servers:
      hosts:
        k8s:
          ansible_host: 192.168.255.128
        localhost:
          ansible_connection: local
          ansible_python_interpreter: /usr/bin/python3
    ubuntu:
      hosts:
        umini-1:
          ansible_host: 192.168.255.129
        umini-2:
          ansible_host: 192.168.255.130
    ungrouped: {}

2023-02-20 15:01:49,469 p=3243 u=anvar n=ansible | PLAY [Test Ping] ****************************************************************************************************************************************************************************************************************************
2023-02-20 15:01:49,480 p=3243 u=anvar n=ansible | TASK [Gathering Facts] **********************************************************************************************************************************************************************************************************************
2023-02-20 15:01:52,940 p=3243 u=anvar n=ansible | ok: [umini-2]
2023-02-20 15:01:54,409 p=3243 u=anvar n=ansible | ok: [umini-1]
2023-02-20 15:01:54,436 p=3243 u=anvar n=ansible | TASK [ping] *********************************************************************************************************************************************************************************************************************************
2023-02-20 15:01:54,928 p=3243 u=anvar n=ansible | ok: [umini-1]
2023-02-20 15:01:54,963 p=3243 u=anvar n=ansible | ok: [umini-2]
2023-02-20 15:01:55,008 p=3243 u=anvar n=ansible | PLAY RECAP **********************************************************************************************************************************************************************************************************************************
2023-02-20 15:01:55,008 p=3243 u=anvar n=ansible | umini-1                    : ok=2    changed=0    unreachable=0    failed=0    skipped=0    rescued=0    ignored=0   
2023-02-20 15:01:55,009 p=3243 u=anvar n=ansible | umini-2                    : ok=2    changed=0    unreachable=0    failed=0    skipped=0    rescued=0    ignored=0   
2023-02-20 15:02:46,477 p=3431 u=anvar n=ansible | - Role umini was created successfully
2023-02-20 15:49:22,947 p=3877 u=anvar n=ansible | umini-2 | FAILED | rc=100 >>
Reading package lists...
WARNING: apt does not have a stable CLI interface. Use with caution in scripts.

E: Could not open lock file /var/lib/apt/lists/lock - open (13: Permission denied)
E: Unable to lock directory /var/lib/apt/lists/
W: Problem unlinking the file /var/cache/apt/pkgcache.bin - RemoveCaches (13: Permission denied)
W: Problem unlinking the file /var/cache/apt/srcpkgcache.bin - RemoveCaches (13: Permission denied)non-zero return code

2023-02-20 15:49:23,016 p=3877 u=anvar n=ansible | umini-1 | FAILED | rc=100 >>
Reading package lists...
WARNING: apt does not have a stable CLI interface. Use with caution in scripts.

E: Could not open lock file /var/lib/apt/lists/lock - open (13: Permission denied)
E: Unable to lock directory /var/lib/apt/lists/
W: Problem unlinking the file /var/cache/apt/pkgcache.bin - RemoveCaches (13: Permission denied)
W: Problem unlinking the file /var/cache/apt/srcpkgcache.bin - RemoveCaches (13: Permission denied)non-zero return code

2023-02-20 15:49:32,775 p=3915 u=anvar n=ansible | umini-2 | FAILED | rc=-1 >>
Missing sudo password

2023-02-20 15:49:33,169 p=3915 u=anvar n=ansible | umini-1 | FAILED | rc=-1 >>
Missing sudo password

2023-02-20 15:50:44,662 p=3947 u=anvar n=ansible | umini-2 | CHANGED | rc=0 >>
Hit:1 http://us.archive.ubuntu.com/ubuntu bionic InRelease
Get:2 http://us.archive.ubuntu.com/ubuntu bionic-updates InRelease [88.7 kB]
Get:3 http://us.archive.ubuntu.com/ubuntu bionic-backports InRelease [83.3 kB]
Get:4 http://security.ubuntu.com/ubuntu bionic-security InRelease [88.7 kB]
Fetched 261 kB in 4s (62.9 kB/s)
Reading package lists...
Building dependency tree...
Reading state information...
All packages are up to date.
WARNING: apt does not have a stable CLI interface. Use with caution in scripts.

2023-02-20 15:50:55,052 p=3947 u=anvar n=ansible | umini-1 | CHANGED | rc=0 >>
Hit:1 http://us.archive.ubuntu.com/ubuntu bionic InRelease
Get:2 http://us.archive.ubuntu.com/ubuntu bionic-updates InRelease [88.7 kB]
Get:3 http://security.ubuntu.com/ubuntu bionic-security InRelease [88.7 kB]
Get:4 http://us.archive.ubuntu.com/ubuntu bionic-backports InRelease [83.3 kB]
Fetched 261 kB in 2s (161 kB/s)
Reading package lists...
Building dependency tree...
Reading state information...
All packages are up to date.
WARNING: apt does not have a stable CLI interface. Use with caution in scripts.

2023-02-20 16:19:48,597 p=4364 u=anvar n=ansible | [WARNING]:  * Failed to parse /home/anvar/.ansible/hosts with yaml plugin: We were unable to read either as JSON nor YAML, these are the errors we got from each: JSON: Expecting value: line 1 column 1 (char 0)  Syntax Error while
loading YAML.   did not find expected <document start>  The error appears to be in '/home/anvar/.ansible/hosts': line 3, column 1, but may be elsewhere in the file depending on the exact syntax problem.  The offending line appears to
be:  [servers] k8s ansible_host=192.168.255.128 ^ here

2023-02-20 16:19:48,597 p=4364 u=anvar n=ansible | [WARNING]:  * Failed to parse /home/anvar/.ansible/hosts with ini plugin: Invalid host pattern '---' supplied, '---' is normally a sign this is a YAML file.

2023-02-20 16:19:48,597 p=4364 u=anvar n=ansible | [WARNING]: Unable to parse /home/anvar/.ansible/hosts as an inventory source

2023-02-20 16:19:48,597 p=4364 u=anvar n=ansible | [WARNING]: No inventory was parsed, only implicit localhost is available

2023-02-20 16:19:48,603 p=4364 u=anvar n=ansible | all:
  children:
    ungrouped: {}

2023-02-20 16:20:11,741 p=4386 u=anvar n=ansible | all:
  children:
    docker:
      hosts:
        host_1:
          ansible_host: 172.21.0.10
        host_2:
          ansible_host: 172.21.0.11
    servers:
      hosts:
        k8s:
          ansible_host: 192.168.255.128
        localhost:
          ansible_connection: local
          ansible_python_interpreter: /usr/bin/python3
    ubuntu:
      hosts:
        umini-1:
          ansible_host: 192.168.255.129
        umini-2:
          ansible_host: 192.168.255.130
    ungrouped: {}

2023-02-20 16:21:33,391 p=4443 u=anvar n=ansiblelint | Guessed /home/anvar/.ansible/roles as project root directory
2023-02-20 16:21:43,801 p=4468 u=anvar n=ansiblelint | Guessed /home/anvar/.ansible/roles as project root directory
2023-02-20 16:56:19,265 p=4938 u=anvar n=ansible | ERROR! 'shell' is not a valid attribute for a Play

The error appears to be in '/home/anvar/.ansible/playbooks/ubuntu_first_init.yml': line 9, column 3, but may
be elsewhere in the file depending on the exact syntax problem.

The offending line appears to be:


- name: apt_update
  ^ here

2023-02-20 16:57:28,004 p=4968 u=anvar n=ansible | ERROR! 'shell' is not a valid attribute for a Play

The error appears to be in '/home/anvar/.ansible/playbooks/ubuntu_first_init.yml': line 9, column 3, but may
be elsewhere in the file depending on the exact syntax problem.

The offending line appears to be:


- name: apt_update
  ^ here

2023-02-20 16:58:44,045 p=4991 u=anvar n=ansible | ERROR! We were unable to read either as JSON nor YAML, these are the errors we got from each:
JSON: Expecting value: line 1 column 1 (char 0)

Syntax Error while loading YAML.
  mapping values are not allowed in this context

The error appears to be in '/home/anvar/.ansible/playbooks/ubuntu_first_init.yml': line 11, column 10, but may
be elsewhere in the file depending on the exact syntax problem.

The offending line appears to be:

  hosts: ubuntu
    shell:
         ^ here

2023-02-20 17:03:23,492 p=5016 u=anvar n=ansible | ERROR! 'ansible.builtin.apt' is not a valid attribute for a Play

The error appears to be in '/home/anvar/.ansible/playbooks/ubuntu_first_init.yml': line 9, column 3, but may
be elsewhere in the file depending on the exact syntax problem.

The offending line appears to be:


- name: apt_update
  ^ here

2023-02-20 17:03:40,093 p=5039 u=anvar n=ansible | ERROR! 'apt' is not a valid attribute for a Play

The error appears to be in '/home/anvar/.ansible/playbooks/ubuntu_first_init.yml': line 9, column 3, but may
be elsewhere in the file depending on the exact syntax problem.

The offending line appears to be:


- name: apt_update
  ^ here

2023-02-20 17:05:26,746 p=5062 u=anvar n=ansible | ERROR! 'apt' is not a valid attribute for a Play

The error appears to be in '/home/anvar/.ansible/playbooks/ubuntu_first_init.yml': line 9, column 3, but may
be elsewhere in the file depending on the exact syntax problem.

The offending line appears to be:


- name: apt_update
  ^ here

2023-02-20 17:06:28,209 p=5085 u=anvar n=ansible | ERROR! A malformed block was encountered while loading tasks: {'apt': {'update_cache': True}} should be a list or None but is <class 'ansible.parsing.yaml.objects.AnsibleMapping'>

The error appears to be in '/home/anvar/.ansible/playbooks/ubuntu_first_init.yml': line 9, column 3, but may
be elsewhere in the file depending on the exact syntax problem.

The offending line appears to be:


- name: apt_update
  ^ here

2023-02-20 17:07:00,585 p=5108 u=anvar n=ansible | ERROR! A malformed block was encountered while loading tasks: {'apt': {'update_cache': True}} should be a list or None but is <class 'ansible.parsing.yaml.objects.AnsibleMapping'>

The error appears to be in '/home/anvar/.ansible/playbooks/ubuntu_first_init.yml': line 9, column 3, but may
be elsewhere in the file depending on the exact syntax problem.

The offending line appears to be:


- name: apt_update
  ^ here

2023-02-20 17:07:49,398 p=5131 u=anvar n=ansible | PLAY [test_ping] ****************************************************************************************************************************************************************************************************************************
2023-02-20 17:07:49,408 p=5131 u=anvar n=ansible | TASK [Gathering Facts] **********************************************************************************************************************************************************************************************************************
2023-02-20 17:07:51,870 p=5131 u=anvar n=ansible | ok: [umini-2]
2023-02-20 17:07:52,478 p=5131 u=anvar n=ansible | ok: [umini-1]
2023-02-20 17:07:52,508 p=5131 u=anvar n=ansible | TASK [ping] *********************************************************************************************************************************************************************************************************************************
2023-02-20 17:07:53,021 p=5131 u=anvar n=ansible | ok: [umini-1]
2023-02-20 17:07:53,037 p=5131 u=anvar n=ansible | ok: [umini-2]
2023-02-20 17:07:53,087 p=5131 u=anvar n=ansible | PLAY [apt_update] ***************************************************************************************************************************************************************************************************************************
2023-02-20 17:07:53,096 p=5131 u=anvar n=ansible | TASK [Gathering Facts] **********************************************************************************************************************************************************************************************************************
2023-02-20 17:07:54,118 p=5131 u=anvar n=ansible | ok: [umini-1]
2023-02-20 17:07:54,151 p=5131 u=anvar n=ansible | ok: [umini-2]
2023-02-20 17:07:54,182 p=5131 u=anvar n=ansible | TASK [apt_update] ***************************************************************************************************************************************************************************************************************************
2023-02-20 17:08:04,991 p=5131 u=anvar n=ansible | changed: [umini-2]
2023-02-20 17:08:06,630 p=5131 u=anvar n=ansible | changed: [umini-1]
2023-02-20 17:08:06,676 p=5131 u=anvar n=ansible | PLAY RECAP **********************************************************************************************************************************************************************************************************************************
2023-02-20 17:08:06,676 p=5131 u=anvar n=ansible | umini-1                    : ok=4    changed=1    unreachable=0    failed=0    skipped=0    rescued=0    ignored=0   
2023-02-20 17:08:06,676 p=5131 u=anvar n=ansible | umini-2                    : ok=4    changed=1    unreachable=0    failed=0    skipped=0    rescued=0    ignored=0   
2023-02-20 17:14:11,910 p=5269 u=anvar n=ansible | PLAY [test_ping] ****************************************************************************************************************************************************************************************************************************
2023-02-20 17:14:11,922 p=5269 u=anvar n=ansible | TASK [Gathering Facts] **********************************************************************************************************************************************************************************************************************
2023-02-20 17:14:14,470 p=5269 u=anvar n=ansible | ok: [umini-1]
2023-02-20 17:14:14,749 p=5269 u=anvar n=ansible | ok: [umini-2]
2023-02-20 17:14:14,781 p=5269 u=anvar n=ansible | TASK [ping] *********************************************************************************************************************************************************************************************************************************
2023-02-20 17:14:15,337 p=5269 u=anvar n=ansible | ok: [umini-1]
2023-02-20 17:14:15,343 p=5269 u=anvar n=ansible | ok: [umini-2]
2023-02-20 17:14:15,391 p=5269 u=anvar n=ansible | PLAY [apt_update] ***************************************************************************************************************************************************************************************************************************
2023-02-20 17:14:15,399 p=5269 u=anvar n=ansible | TASK [Gathering Facts] **********************************************************************************************************************************************************************************************************************
2023-02-20 17:14:16,421 p=5269 u=anvar n=ansible | ok: [umini-1]
2023-02-20 17:14:16,437 p=5269 u=anvar n=ansible | ok: [umini-2]
2023-02-20 17:14:16,469 p=5269 u=anvar n=ansible | TASK [apt_update] ***************************************************************************************************************************************************************************************************************************
2023-02-20 17:14:19,755 p=5269 u=anvar n=ansible | ok: [umini-1]
2023-02-20 17:14:20,032 p=5269 u=anvar n=ansible | ok: [umini-2]
2023-02-20 17:14:20,081 p=5269 u=anvar n=ansible | PLAY RECAP **********************************************************************************************************************************************************************************************************************************
2023-02-20 17:14:20,081 p=5269 u=anvar n=ansible | umini-1                    : ok=4    changed=0    unreachable=0    failed=0    skipped=0    rescued=0    ignored=0   
2023-02-20 17:14:20,082 p=5269 u=anvar n=ansible | umini-2                    : ok=4    changed=0    unreachable=0    failed=0    skipped=0    rescued=0    ignored=0   
2023-02-20 17:19:53,545 p=5395 u=anvar n=ansible | PLAY [test_ping] ****************************************************************************************************************************************************************************************************************************
2023-02-20 17:19:53,557 p=5395 u=anvar n=ansible | TASK [Gathering Facts] **********************************************************************************************************************************************************************************************************************
2023-02-20 17:19:56,061 p=5395 u=anvar n=ansible | ok: [umini-2]
2023-02-20 17:19:56,959 p=5395 u=anvar n=ansible | ok: [umini-1]
2023-02-20 17:19:56,989 p=5395 u=anvar n=ansible | TASK [ping] *********************************************************************************************************************************************************************************************************************************
2023-02-20 17:19:57,503 p=5395 u=anvar n=ansible | ok: [umini-1]
2023-02-20 17:19:57,522 p=5395 u=anvar n=ansible | ok: [umini-2]
2023-02-20 17:19:57,572 p=5395 u=anvar n=ansible | PLAY [apt_update] ***************************************************************************************************************************************************************************************************************************
2023-02-20 17:19:57,583 p=5395 u=anvar n=ansible | TASK [Gathering Facts] **********************************************************************************************************************************************************************************************************************
2023-02-20 17:19:58,638 p=5395 u=anvar n=ansible | ok: [umini-1]
2023-02-20 17:19:58,647 p=5395 u=anvar n=ansible | ok: [umini-2]
2023-02-20 17:19:58,677 p=5395 u=anvar n=ansible | TASK [apt_update] ***************************************************************************************************************************************************************************************************************************
2023-02-20 17:20:02,036 p=5395 u=anvar n=ansible | ok: [umini-2]
2023-02-20 17:20:02,086 p=5395 u=anvar n=ansible | ok: [umini-1]
2023-02-20 17:20:02,134 p=5395 u=anvar n=ansible | PLAY [ntp_install] **************************************************************************************************************************************************************************************************************************
2023-02-20 17:20:02,146 p=5395 u=anvar n=ansible | TASK [Gathering Facts] **********************************************************************************************************************************************************************************************************************
2023-02-20 17:20:03,963 p=5395 u=anvar n=ansible | ok: [umini-1]
2023-02-20 17:20:04,074 p=5395 u=anvar n=ansible | ok: [umini-2]
2023-02-20 17:20:04,102 p=5395 u=anvar n=ansible | TASK [ntp_install] **************************************************************************************************************************************************************************************************************************
2023-02-20 17:20:19,508 p=5395 u=anvar n=ansible | changed: [umini-2]
2023-02-20 17:20:19,866 p=5395 u=anvar n=ansible | changed: [umini-1]
2023-02-20 17:20:19,913 p=5395 u=anvar n=ansible | PLAY RECAP **********************************************************************************************************************************************************************************************************************************
2023-02-20 17:20:19,913 p=5395 u=anvar n=ansible | umini-1                    : ok=6    changed=1    unreachable=0    failed=0    skipped=0    rescued=0    ignored=0   
2023-02-20 17:20:19,913 p=5395 u=anvar n=ansible | umini-2                    : ok=6    changed=1    unreachable=0    failed=0    skipped=0    rescued=0    ignored=0   
2023-02-21 11:05:29,458 p=1686 u=anvar n=ansible |   hosts (6):
2023-02-21 11:05:29,478 p=1686 u=anvar n=ansible |     k8s
2023-02-21 11:05:29,478 p=1686 u=anvar n=ansible |     localhost
2023-02-21 11:05:29,478 p=1686 u=anvar n=ansible |     host_1
2023-02-21 11:05:29,478 p=1686 u=anvar n=ansible |     host_2
2023-02-21 11:05:29,478 p=1686 u=anvar n=ansible |     umini-1
2023-02-21 11:05:29,478 p=1686 u=anvar n=ansible |     umini-2
2023-02-21 11:05:30,044 p=1704 u=anvar n=ansible |   hosts (6):
2023-02-21 11:05:30,044 p=1704 u=anvar n=ansible |     k8s
2023-02-21 11:05:30,044 p=1704 u=anvar n=ansible |     localhost
2023-02-21 11:05:30,044 p=1704 u=anvar n=ansible |     host_1
2023-02-21 11:05:30,044 p=1704 u=anvar n=ansible |     host_2
2023-02-21 11:05:30,044 p=1704 u=anvar n=ansible |     umini-1
2023-02-21 11:05:30,044 p=1704 u=anvar n=ansible |     umini-2
2023-02-21 11:05:30,584 p=1719 u=anvar n=ansible |   hosts (6):
2023-02-21 11:05:30,585 p=1719 u=anvar n=ansible |     k8s
2023-02-21 11:05:30,585 p=1719 u=anvar n=ansible |     localhost
2023-02-21 11:05:30,585 p=1719 u=anvar n=ansible |     host_1
2023-02-21 11:05:30,585 p=1719 u=anvar n=ansible |     host_2
2023-02-21 11:05:30,585 p=1719 u=anvar n=ansible |     umini-1
2023-02-21 11:05:30,585 p=1719 u=anvar n=ansible |     umini-2
2023-02-21 11:05:36,961 p=1728 u=anvar n=ansible | umini-1 | SUCCESS => {
    "ansible_facts": {
        "discovered_interpreter_python": "/usr/bin/python3"
    },
    "changed": false,
    "ping": "pong"
}
2023-02-21 11:05:37,128 p=1728 u=anvar n=ansible | umini-2 | SUCCESS => {
    "ansible_facts": {
        "discovered_interpreter_python": "/usr/bin/python3"
    },
    "changed": false,
    "ping": "pong"
}
2023-02-21 11:05:47,439 p=1766 u=anvar n=ansible | all:
  children:
    docker:
      hosts:
        host_1:
          ansible_host: 172.21.0.10
        host_2:
          ansible_host: 172.21.0.11
    servers:
      hosts:
        k8s:
          ansible_host: 192.168.255.128
        localhost:
          ansible_connection: local
          ansible_python_interpreter: /usr/bin/python3
    ubuntu:
      hosts:
        umini-1:
          ansible_host: 192.168.255.129
        umini-2:
          ansible_host: 192.168.255.130
    ungrouped: {}

2023-02-21 11:06:22,060 p=1780 u=anvar n=ansible | ERROR! Conflicting options used, only one of --host, --graph or --list can be used at the same time.
2023-02-21 11:06:29,252 p=1787 u=anvar n=ansible | @all:
  |--@ungrouped:
  |--@servers:
  |  |--k8s
  |  |--localhost
  |--@docker:
  |  |--host_1
  |  |--host_2
  |--@ubuntu:
  |  |--umini-1
  |  |--umini-2
2023-02-21 11:06:40,261 p=1794 u=anvar n=ansible | @all:
  |--@ungrouped:
  |--@servers:
  |  |--k8s
  |  |--localhost
  |--@docker:
  |  |--host_1
  |  |--host_2
  |--@ubuntu:
  |  |--umini-1
  |  |--umini-2
2023-02-21 11:07:38,869 p=1853 u=anvar n=ansible | {
    "ansible_host": "192.168.255.129"
}
2023-02-21 11:07:43,319 p=1860 u=anvar n=ansible | ansible_host: 192.168.255.129

2023-02-21 11:07:50,104 p=1867 u=anvar n=ansible | ansible_host: 192.168.255.130

2023-02-21 11:41:51,933 p=2047 u=anvar n=ansible | ERROR! A malformed block was encountered while loading tasks: {'apt': {'autoclean': True, 'autoremove': True}} should be a list or None but is <class 'ansible.parsing.yaml.objects.AnsibleMapping'>

The error appears to be in '/home/anvar/.ansible/playbooks/ubuntu_first_init.yml': line 27, column 3, but may
be elsewhere in the file depending on the exact syntax problem.

The offending line appears to be:


- name: apt_cleaner
  ^ here

2023-02-21 11:42:33,877 p=2070 u=anvar n=ansible | PLAY [test_ping] ****************************************************************************************************************************************************************************************************************************
2023-02-21 11:42:33,891 p=2070 u=anvar n=ansible | TASK [Gathering Facts] **********************************************************************************************************************************************************************************************************************
2023-02-21 11:42:35,548 p=2070 u=anvar n=ansible | fatal: [umini-2]: FAILED! => {"msg": "Missing sudo password"}
2023-02-21 11:42:35,725 p=2070 u=anvar n=ansible | fatal: [umini-1]: FAILED! => {"msg": "Missing sudo password"}
2023-02-21 11:42:35,727 p=2070 u=anvar n=ansible | PLAY RECAP **********************************************************************************************************************************************************************************************************************************
2023-02-21 11:42:35,727 p=2070 u=anvar n=ansible | umini-1                    : ok=0    changed=0    unreachable=0    failed=1    skipped=0    rescued=0    ignored=0   
2023-02-21 11:42:35,727 p=2070 u=anvar n=ansible | umini-2                    : ok=0    changed=0    unreachable=0    failed=1    skipped=0    rescued=0    ignored=0   
2023-02-21 11:42:54,584 p=2108 u=anvar n=ansible | PLAY [test_ping] ****************************************************************************************************************************************************************************************************************************
2023-02-21 11:42:54,596 p=2108 u=anvar n=ansible | TASK [Gathering Facts] **********************************************************************************************************************************************************************************************************************
2023-02-21 11:42:56,724 p=2108 u=anvar n=ansible | fatal: [umini-1]: FAILED! => {"msg": "Missing sudo password"}
2023-02-21 11:42:56,795 p=2108 u=anvar n=ansible | fatal: [umini-2]: FAILED! => {"msg": "Missing sudo password"}
2023-02-21 11:42:56,798 p=2108 u=anvar n=ansible | PLAY RECAP **********************************************************************************************************************************************************************************************************************************
2023-02-21 11:42:56,799 p=2108 u=anvar n=ansible | umini-1                    : ok=0    changed=0    unreachable=0    failed=1    skipped=0    rescued=0    ignored=0   
2023-02-21 11:42:56,799 p=2108 u=anvar n=ansible | umini-2                    : ok=0    changed=0    unreachable=0    failed=1    skipped=0    rescued=0    ignored=0   
2023-02-21 11:43:34,787 p=2144 u=anvar n=ansible | PLAY [test_ping] ****************************************************************************************************************************************************************************************************************************
2023-02-21 11:43:34,799 p=2144 u=anvar n=ansible | TASK [Gathering Facts] **********************************************************************************************************************************************************************************************************************
2023-02-21 11:43:37,421 p=2144 u=anvar n=ansible | ok: [umini-1]
2023-02-21 11:43:38,923 p=2144 u=anvar n=ansible | ok: [umini-2]
2023-02-21 11:43:38,953 p=2144 u=anvar n=ansible | TASK [ping] *********************************************************************************************************************************************************************************************************************************
2023-02-21 11:43:39,444 p=2144 u=anvar n=ansible | ok: [umini-2]
2023-02-21 11:43:39,448 p=2144 u=anvar n=ansible | ok: [umini-1]
2023-02-21 11:43:39,500 p=2144 u=anvar n=ansible | PLAY [ntp_install] **************************************************************************************************************************************************************************************************************************
2023-02-21 11:43:39,510 p=2144 u=anvar n=ansible | TASK [Gathering Facts] **********************************************************************************************************************************************************************************************************************
2023-02-21 11:43:40,894 p=2144 u=anvar n=ansible | ok: [umini-2]
2023-02-21 11:43:41,945 p=2144 u=anvar n=ansible | ok: [umini-1]
2023-02-21 11:43:41,974 p=2144 u=anvar n=ansible | TASK [ntp_install] **************************************************************************************************************************************************************************************************************************
2023-02-21 11:44:42,968 p=2144 u=anvar n=ansible | ok: [umini-1]
2023-02-21 11:44:44,892 p=2144 u=anvar n=ansible | ok: [umini-2]
2023-02-21 11:44:44,938 p=2144 u=anvar n=ansible | PLAY [apt_cleaner] **************************************************************************************************************************************************************************************************************************
2023-02-21 11:44:44,948 p=2144 u=anvar n=ansible | TASK [Gathering Facts] **********************************************************************************************************************************************************************************************************************
2023-02-21 11:44:46,761 p=2144 u=anvar n=ansible | ok: [umini-1]
2023-02-21 11:44:46,812 p=2144 u=anvar n=ansible | ok: [umini-2]
2023-02-21 11:44:46,844 p=2144 u=anvar n=ansible | TASK [clean] ********************************************************************************************************************************************************************************************************************************
2023-02-21 11:44:48,515 p=2144 u=anvar n=ansible | ok: [umini-2]
2023-02-21 11:44:48,551 p=2144 u=anvar n=ansible | ok: [umini-1]
2023-02-21 11:44:48,597 p=2144 u=anvar n=ansible | PLAY RECAP **********************************************************************************************************************************************************************************************************************************
2023-02-21 11:44:48,598 p=2144 u=anvar n=ansible | umini-1                    : ok=6    changed=0    unreachable=0    failed=0    skipped=0    rescued=0    ignored=0   
2023-02-21 11:44:48,598 p=2144 u=anvar n=ansible | umini-2                    : ok=6    changed=0    unreachable=0    failed=0    skipped=0    rescued=0    ignored=0   
2023-02-21 13:41:57,244 p=2357 u=anvar n=ansiblelint | Guessed /home/anvar/.ansible as project root directory
2023-02-21 13:41:59,169 p=2371 u=anvar n=ansible | [WARNING]: Could not match supplied host pattern, ignoring: ubuntu

2023-02-21 13:41:59,171 p=2371 u=anvar n=ansible | playbook: playbooks/ubuntu_first_init.yml
2023-02-21 13:41:59,426 p=2357 u=anvar n=ansiblelint | Listing 14 violation(s) that are fatal
2023-02-21 13:42:25,864 p=2383 u=anvar n=ansible | PLAY [test_ping] ****************************************************************************************************************************************************************************************************************************
2023-02-21 13:42:25,877 p=2383 u=anvar n=ansible | TASK [Gathering Facts] **********************************************************************************************************************************************************************************************************************
2023-02-21 13:42:27,467 p=2383 u=anvar n=ansible | fatal: [umini-1]: FAILED! => {"msg": "Missing sudo password"}
2023-02-21 13:42:27,534 p=2383 u=anvar n=ansible | fatal: [umini-2]: FAILED! => {"msg": "Missing sudo password"}
2023-02-21 13:42:27,539 p=2383 u=anvar n=ansible | PLAY RECAP **********************************************************************************************************************************************************************************************************************************
2023-02-21 13:42:27,539 p=2383 u=anvar n=ansible | umini-1                    : ok=0    changed=0    unreachable=0    failed=1    skipped=0    rescued=0    ignored=0   
2023-02-21 13:42:27,539 p=2383 u=anvar n=ansible | umini-2                    : ok=0    changed=0    unreachable=0    failed=1    skipped=0    rescued=0    ignored=0   
2023-02-21 13:42:53,957 p=2421 u=anvar n=ansible | PLAY [test_ping] ****************************************************************************************************************************************************************************************************************************
2023-02-21 13:42:53,968 p=2421 u=anvar n=ansible | TASK [Gathering Facts] **********************************************************************************************************************************************************************************************************************
2023-02-21 13:42:57,020 p=2421 u=anvar n=ansible | ok: [umini-1]
2023-02-21 13:42:57,091 p=2421 u=anvar n=ansible | ok: [umini-2]
2023-02-21 13:42:57,120 p=2421 u=anvar n=ansible | TASK [ping] *********************************************************************************************************************************************************************************************************************************
2023-02-21 13:42:57,638 p=2421 u=anvar n=ansible | ok: [umini-1]
2023-02-21 13:42:57,639 p=2421 u=anvar n=ansible | ok: [umini-2]
2023-02-21 13:42:57,688 p=2421 u=anvar n=ansible | PLAY [ntp_install] **************************************************************************************************************************************************************************************************************************
2023-02-21 13:42:57,698 p=2421 u=anvar n=ansible | TASK [Gathering Facts] **********************************************************************************************************************************************************************************************************************
2023-02-21 13:42:58,676 p=2421 u=anvar n=ansible | ok: [umini-1]
2023-02-21 13:42:58,691 p=2421 u=anvar n=ansible | ok: [umini-2]
2023-02-21 13:42:58,723 p=2421 u=anvar n=ansible | TASK [ntp_install] **************************************************************************************************************************************************************************************************************************
2023-02-21 13:43:05,413 p=2421 u=anvar n=ansible | ok: [umini-1]
2023-02-21 13:43:07,421 p=2421 u=anvar n=ansible | ok: [umini-2]
2023-02-21 13:43:07,471 p=2421 u=anvar n=ansible | PLAY [apt_cleaner] **************************************************************************************************************************************************************************************************************************
2023-02-21 13:43:07,480 p=2421 u=anvar n=ansible | TASK [Gathering Facts] **********************************************************************************************************************************************************************************************************************
2023-02-21 13:43:09,241 p=2421 u=anvar n=ansible | ok: [umini-1]
2023-02-21 13:43:09,315 p=2421 u=anvar n=ansible | ok: [umini-2]
2023-02-21 13:43:09,344 p=2421 u=anvar n=ansible | TASK [clean] ********************************************************************************************************************************************************************************************************************************
2023-02-21 13:43:10,956 p=2421 u=anvar n=ansible | ok: [umini-1]
2023-02-21 13:43:10,981 p=2421 u=anvar n=ansible | ok: [umini-2]
2023-02-21 13:43:11,025 p=2421 u=anvar n=ansible | PLAY RECAP **********************************************************************************************************************************************************************************************************************************
2023-02-21 13:43:11,026 p=2421 u=anvar n=ansible | umini-1                    : ok=6    changed=0    unreachable=0    failed=0    skipped=0    rescued=0    ignored=0   
2023-02-21 13:43:11,026 p=2421 u=anvar n=ansible | umini-2                    : ok=6    changed=0    unreachable=0    failed=0    skipped=0    rescued=0    ignored=0   
2023-02-21 13:43:53,348 p=2563 u=anvar n=ansible | PLAY [test_ping] ****************************************************************************************************************************************************************************************************************************
2023-02-21 13:43:53,361 p=2563 u=anvar n=ansible | TASK [Gathering Facts] **********************************************************************************************************************************************************************************************************************
2023-02-21 13:43:55,735 p=2563 u=anvar n=ansible | ok: [umini-1]
2023-02-21 13:43:55,805 p=2563 u=anvar n=ansible | ok: [umini-2]
2023-02-21 13:43:55,835 p=2563 u=anvar n=ansible | TASK [ping] *********************************************************************************************************************************************************************************************************************************
2023-02-21 13:43:56,334 p=2563 u=anvar n=ansible | ok: [umini-1]
2023-02-21 13:43:56,334 p=2563 u=anvar n=ansible | ok: [umini-2]
2023-02-21 13:43:56,383 p=2563 u=anvar n=ansible | PLAY [ntp_install] **************************************************************************************************************************************************************************************************************************
2023-02-21 13:43:56,391 p=2563 u=anvar n=ansible | TASK [Gathering Facts] **********************************************************************************************************************************************************************************************************************
2023-02-21 13:43:57,407 p=2563 u=anvar n=ansible | ok: [umini-1]
2023-02-21 13:43:57,424 p=2563 u=anvar n=ansible | ok: [umini-2]
2023-02-21 13:43:57,454 p=2563 u=anvar n=ansible | TASK [ntp_install] **************************************************************************************************************************************************************************************************************************
2023-02-21 13:44:00,936 p=2563 u=anvar n=ansible | ok: [umini-1]
2023-02-21 13:44:01,429 p=2563 u=anvar n=ansible | ok: [umini-2]
2023-02-21 13:44:01,478 p=2563 u=anvar n=ansible | PLAY [apt_cleaner] **************************************************************************************************************************************************************************************************************************
2023-02-21 13:44:01,487 p=2563 u=anvar n=ansible | TASK [Gathering Facts] **********************************************************************************************************************************************************************************************************************
2023-02-21 13:44:03,265 p=2563 u=anvar n=ansible | ok: [umini-1]
2023-02-21 13:44:03,336 p=2563 u=anvar n=ansible | ok: [umini-2]
2023-02-21 13:44:03,368 p=2563 u=anvar n=ansible | TASK [clean] ********************************************************************************************************************************************************************************************************************************
2023-02-21 13:44:04,972 p=2563 u=anvar n=ansible | ok: [umini-1]
2023-02-21 13:44:04,980 p=2563 u=anvar n=ansible | ok: [umini-2]
2023-02-21 13:44:05,028 p=2563 u=anvar n=ansible | PLAY RECAP **********************************************************************************************************************************************************************************************************************************
2023-02-21 13:44:05,028 p=2563 u=anvar n=ansible | umini-1                    : ok=6    changed=0    unreachable=0    failed=0    skipped=0    rescued=0    ignored=0   
2023-02-21 13:44:05,028 p=2563 u=anvar n=ansible | umini-2                    : ok=6    changed=0    unreachable=0    failed=0    skipped=0    rescued=0    ignored=0   
2023-02-21 13:45:46,500 p=2718 u=anvar n=ansiblelint | Guessed /home/anvar/.ansible as project root directory
2023-02-21 13:45:48,238 p=2732 u=anvar n=ansible | [WARNING]: Could not match supplied host pattern, ignoring: ubuntu

2023-02-21 13:45:48,239 p=2732 u=anvar n=ansible | playbook: playbooks/ubuntu_first_init.yml
2023-02-21 13:45:48,414 p=2718 u=anvar n=ansiblelint | Listing 10 violation(s) that are fatal
2023-02-21 13:46:11,883 p=2755 u=anvar n=ansiblelint | Guessed /home/anvar/.ansible as project root directory
2023-02-21 13:46:13,520 p=2769 u=anvar n=ansible | [WARNING]: Could not match supplied host pattern, ignoring: ubuntu

2023-02-21 13:46:13,522 p=2769 u=anvar n=ansible | playbook: playbooks/ubuntu_first_init.yml
2023-02-21 13:46:13,690 p=2755 u=anvar n=ansiblelint | Listing 7 violation(s) that are fatal
2023-02-21 13:46:17,915 p=2783 u=anvar n=ansiblelint | Guessed /home/anvar/.ansible as project root directory
2023-02-21 13:46:19,574 p=2797 u=anvar n=ansible | [WARNING]: Could not match supplied host pattern, ignoring: ubuntu

2023-02-21 13:46:19,575 p=2797 u=anvar n=ansible | playbook: playbooks/ubuntu_first_init.yml
2023-02-21 13:46:19,738 p=2783 u=anvar n=ansiblelint | Listing 7 violation(s) that are fatal
2023-02-21 13:47:08,605 p=2820 u=anvar n=ansiblelint | Guessed /home/anvar/.ansible as project root directory
2023-02-21 13:47:10,470 p=2834 u=anvar n=ansible | [WARNING]: Could not match supplied host pattern, ignoring: ubuntu

2023-02-21 13:47:10,471 p=2834 u=anvar n=ansible | playbook: playbooks/ubuntu_first_init.yml
2023-02-21 13:47:10,640 p=2820 u=anvar n=ansiblelint | Listing 5 violation(s) that are fatal
2023-02-21 13:47:15,439 p=2848 u=anvar n=ansiblelint | Guessed /home/anvar/.ansible as project root directory
2023-02-21 13:47:17,238 p=2862 u=anvar n=ansible | [WARNING]: Could not match supplied host pattern, ignoring: ubuntu

2023-02-21 13:47:17,240 p=2862 u=anvar n=ansible | playbook: playbooks/ubuntu_first_init.yml
2023-02-21 13:47:17,421 p=2848 u=anvar n=ansiblelint | Listing 5 violation(s) that are fatal
2023-02-21 13:47:53,040 p=2900 u=anvar n=ansiblelint | Guessed /home/anvar/.ansible as project root directory
2023-02-21 13:47:54,829 p=2914 u=anvar n=ansible | [WARNING]: Could not match supplied host pattern, ignoring: ubuntu

2023-02-21 13:47:54,831 p=2914 u=anvar n=ansible | playbook: playbooks/ubuntu_first_init.yml
2023-02-21 13:47:54,991 p=2900 u=anvar n=ansiblelint | Listing 2 violation(s) that are fatal
2023-02-21 13:48:02,962 p=2928 u=anvar n=ansiblelint | Guessed /home/anvar/.ansible as project root directory
2023-02-21 13:48:04,797 p=2943 u=anvar n=ansible | [WARNING]: Could not match supplied host pattern, ignoring: ubuntu

2023-02-21 13:48:04,799 p=2943 u=anvar n=ansible | playbook: playbooks/ubuntu_first_init.yml
2023-02-21 13:48:04,973 p=2928 u=anvar n=ansiblelint | Listing 2 violation(s) that are fatal
2023-02-21 13:48:37,382 p=2966 u=anvar n=ansiblelint | Guessed /home/anvar/.ansible as project root directory
2023-02-21 13:48:39,113 p=2980 u=anvar n=ansible | [WARNING]: Could not match supplied host pattern, ignoring: ubuntu

2023-02-21 13:48:39,115 p=2980 u=anvar n=ansible | playbook: playbooks/ubuntu_first_init.yml
2023-02-21 13:48:39,282 p=2966 u=anvar n=ansiblelint | Listing 1 violation(s) that are fatal
2023-02-21 13:49:14,067 p=3003 u=anvar n=ansiblelint | Guessed /home/anvar/.ansible as project root directory
2023-02-21 13:49:15,888 p=3017 u=anvar n=ansible | ERROR! unexpected parameter type in action: <class 'ansible.parsing.yaml.objects.AnsibleSequence'>

The error appears to be in '/home/anvar/.ansible/playbooks/ubuntu_first_init.yml': line 13, column 7, but may
be elsewhere in the file depending on the exact syntax problem.

The offending line appears to be:

  tasks:
    - name: Ntp_install
      ^ here

2023-02-21 13:49:15,967 p=3003 u=anvar n=ansiblelint | Listing 1 violation(s) that are fatal
2023-02-21 13:49:23,384 p=3031 u=anvar n=ansiblelint | Guessed /home/anvar/.ansible as project root directory
2023-02-21 13:49:25,118 p=3045 u=anvar n=ansible | ERROR! unexpected parameter type in action: <class 'ansible.parsing.yaml.objects.AnsibleSequence'>

The error appears to be in '/home/anvar/.ansible/playbooks/ubuntu_first_init.yml': line 13, column 7, but may
be elsewhere in the file depending on the exact syntax problem.

The offending line appears to be:

  tasks:
    - name: Ntp_install
      ^ here

2023-02-21 13:49:25,198 p=3031 u=anvar n=ansiblelint | Listing 1 violation(s) that are fatal
2023-02-21 13:49:52,119 p=3068 u=anvar n=ansiblelint | Guessed /home/anvar/.ansible as project root directory
2023-02-21 13:49:53,859 p=3082 u=anvar n=ansible | ERROR! unexpected parameter type in action: <class 'ansible.parsing.yaml.objects.AnsibleSequence'>

The error appears to be in '/home/anvar/.ansible/playbooks/ubuntu_first_init.yml': line 13, column 7, but may
be elsewhere in the file depending on the exact syntax problem.

The offending line appears to be:

  tasks:
    - name: Ntp_install
      ^ here

2023-02-21 13:49:53,939 p=3068 u=anvar n=ansiblelint | Listing 1 violation(s) that are fatal
2023-02-21 13:51:41,865 p=3105 u=anvar n=ansiblelint | Guessed /home/anvar/.ansible as project root directory
2023-02-21 13:51:43,498 p=3119 u=anvar n=ansible | [WARNING]: Could not match supplied host pattern, ignoring: ubuntu

2023-02-21 13:51:43,500 p=3119 u=anvar n=ansible | playbook: playbooks/ubuntu_first_init.yml
2023-02-21 13:51:43,652 p=3105 u=anvar n=ansiblelint | Listing 1 violation(s) that are fatal
2023-02-21 13:52:06,321 p=3148 u=anvar n=ansiblelint | Guessed /home/anvar/.ansible as project root directory
2023-02-21 13:52:07,996 p=3162 u=anvar n=ansible | [WARNING]: Could not match supplied host pattern, ignoring: ubuntu

2023-02-21 13:52:07,997 p=3162 u=anvar n=ansible | playbook: playbooks/ubuntu_first_init.yml
2023-02-21 13:52:24,992 p=3170 u=anvar n=ansible | PLAY [Test_ping] ****************************************************************************************************************************************************************************************************************************
2023-02-21 13:52:25,005 p=3170 u=anvar n=ansible | TASK [Gathering Facts] **********************************************************************************************************************************************************************************************************************
2023-02-21 13:52:27,319 p=3170 u=anvar n=ansible | ok: [umini-2]
2023-02-21 13:52:27,497 p=3170 u=anvar n=ansible | ok: [umini-1]
2023-02-21 13:52:27,526 p=3170 u=anvar n=ansible | TASK [Ping] *********************************************************************************************************************************************************************************************************************************
2023-02-21 13:52:28,044 p=3170 u=anvar n=ansible | ok: [umini-1]
2023-02-21 13:52:28,047 p=3170 u=anvar n=ansible | ok: [umini-2]
2023-02-21 13:52:28,096 p=3170 u=anvar n=ansible | PLAY [Ntp_install] **************************************************************************************************************************************************************************************************************************
2023-02-21 13:52:28,104 p=3170 u=anvar n=ansible | TASK [Gathering Facts] **********************************************************************************************************************************************************************************************************************
2023-02-21 13:52:29,123 p=3170 u=anvar n=ansible | ok: [umini-1]
2023-02-21 13:52:29,125 p=3170 u=anvar n=ansible | ok: [umini-2]
2023-02-21 13:52:29,153 p=3170 u=anvar n=ansible | TASK [Ntp_install] **************************************************************************************************************************************************************************************************************************
2023-02-21 13:52:33,395 p=3170 u=anvar n=ansible | ok: [umini-1]
2023-02-21 13:52:36,780 p=3170 u=anvar n=ansible | ok: [umini-2]
2023-02-21 13:52:36,827 p=3170 u=anvar n=ansible | PLAY [Apt_cleaner] **************************************************************************************************************************************************************************************************************************
2023-02-21 13:52:36,836 p=3170 u=anvar n=ansible | TASK [Gathering Facts] **********************************************************************************************************************************************************************************************************************
2023-02-21 13:52:38,799 p=3170 u=anvar n=ansible | ok: [umini-1]
2023-02-21 13:52:38,850 p=3170 u=anvar n=ansible | ok: [umini-2]
2023-02-21 13:52:38,878 p=3170 u=anvar n=ansible | TASK [Clean] ********************************************************************************************************************************************************************************************************************************
2023-02-21 13:52:40,497 p=3170 u=anvar n=ansible | ok: [umini-1]
2023-02-21 13:52:40,503 p=3170 u=anvar n=ansible | ok: [umini-2]
2023-02-21 13:52:40,550 p=3170 u=anvar n=ansible | PLAY RECAP **********************************************************************************************************************************************************************************************************************************
2023-02-21 13:52:40,550 p=3170 u=anvar n=ansible | umini-1                    : ok=6    changed=0    unreachable=0    failed=0    skipped=0    rescued=0    ignored=0   
2023-02-21 13:52:40,550 p=3170 u=anvar n=ansible | umini-2                    : ok=6    changed=0    unreachable=0    failed=0    skipped=0    rescued=0    ignored=0   
2023-02-21 14:33:37,721 p=3774 u=anvar n=ansible |  __________________
< PLAY [Test_ping] >
 ------------------
        \   ^__^
         \  (oo)\_______
            (__)\       )\/\
                ||----w |
                ||     ||


2023-02-21 14:33:37,765 p=3774 u=anvar n=ansible |  ________________________
< TASK [Gathering Facts] >
 ------------------------
        \   ^__^
         \  (oo)\_______
            (__)\       )\/\
                ||----w |
                ||     ||


2023-02-21 14:33:39,391 p=3774 u=anvar n=ansible | ok: [umini-1]
2023-02-21 14:33:40,341 p=3774 u=anvar n=ansible | ok: [umini-2]
2023-02-21 14:33:40,404 p=3774 u=anvar n=ansible |  _____________
< TASK [Ping] >
 -------------
        \   ^__^
         \  (oo)\_______
            (__)\       )\/\
                ||----w |
                ||     ||


2023-02-21 14:33:40,927 p=3774 u=anvar n=ansible | ok: [umini-1]
2023-02-21 14:33:40,944 p=3774 u=anvar n=ansible | ok: [umini-2]
2023-02-21 14:33:41,019 p=3774 u=anvar n=ansible |  ____________________
< PLAY [Ntp_install] >
 --------------------
        \   ^__^
         \  (oo)\_______
            (__)\       )\/\
                ||----w |
                ||     ||


2023-02-21 14:33:41,059 p=3774 u=anvar n=ansible |  ________________________
< TASK [Gathering Facts] >
 ------------------------
        \   ^__^
         \  (oo)\_______
            (__)\       )\/\
                ||----w |
                ||     ||


2023-02-21 14:33:42,042 p=3774 u=anvar n=ansible | ok: [umini-1]
2023-02-21 14:33:42,047 p=3774 u=anvar n=ansible | ok: [umini-2]
2023-02-21 14:33:42,106 p=3774 u=anvar n=ansible |  ____________________
< TASK [Ntp_install] >
 --------------------
        \   ^__^
         \  (oo)\_______
            (__)\       )\/\
                ||----w |
                ||     ||


2023-02-21 14:33:48,316 p=3774 u=anvar n=ansible | ok: [umini-1]
2023-02-21 14:33:48,781 p=3774 u=anvar n=ansible | ok: [umini-2]
2023-02-21 14:33:48,860 p=3774 u=anvar n=ansible |  ____________________
< PLAY [Apt_cleaner] >
 --------------------
        \   ^__^
         \  (oo)\_______
            (__)\       )\/\
                ||----w |
                ||     ||


2023-02-21 14:33:48,901 p=3774 u=anvar n=ansible |  ________________________
< TASK [Gathering Facts] >
 ------------------------
        \   ^__^
         \  (oo)\_______
            (__)\       )\/\
                ||----w |
                ||     ||


2023-02-21 14:33:50,791 p=3774 u=anvar n=ansible | ok: [umini-1]
2023-02-21 14:33:50,862 p=3774 u=anvar n=ansible | ok: [umini-2]
2023-02-21 14:33:50,923 p=3774 u=anvar n=ansible |  ______________
< TASK [Clean] >
 --------------
        \   ^__^
         \  (oo)\_______
            (__)\       )\/\
                ||----w |
                ||     ||


2023-02-21 14:33:52,511 p=3774 u=anvar n=ansible | ok: [umini-1]
2023-02-21 14:33:52,526 p=3774 u=anvar n=ansible | ok: [umini-2]
2023-02-21 14:33:52,603 p=3774 u=anvar n=ansible |  ____________
< PLAY RECAP >
 ------------
        \   ^__^
         \  (oo)\_______
            (__)\       )\/\
                ||----w |
                ||     ||


2023-02-21 14:33:52,603 p=3774 u=anvar n=ansible | umini-1                    : ok=6    changed=0    unreachable=0    failed=0    skipped=0    rescued=0    ignored=0   
2023-02-21 14:33:52,603 p=3774 u=anvar n=ansible | umini-2                    : ok=6    changed=0    unreachable=0    failed=0    skipped=0    rescued=0    ignored=0   
2023-02-21 14:34:20,330 p=3938 u=anvar n=ansible | PLAY [Test_ping] ****************************************************************************************************************************************************************************************************************************
2023-02-21 14:34:20,342 p=3938 u=anvar n=ansible | TASK [Gathering Facts] **********************************************************************************************************************************************************************************************************************
2023-02-21 14:34:22,551 p=3938 u=anvar n=ansible | ok: [umini-2]
2023-02-21 14:34:22,762 p=3938 u=anvar n=ansible | ok: [umini-1]
2023-02-21 14:34:22,794 p=3938 u=anvar n=ansible | TASK [Ping] *********************************************************************************************************************************************************************************************************************************
2023-02-21 14:34:23,288 p=3938 u=anvar n=ansible | ok: [umini-1]
2023-02-21 14:34:23,302 p=3938 u=anvar n=ansible | ok: [umini-2]
2023-02-21 14:34:23,352 p=3938 u=anvar n=ansible | PLAY [Ntp_install] **************************************************************************************************************************************************************************************************************************
2023-02-21 14:34:23,361 p=3938 u=anvar n=ansible | TASK [Gathering Facts] **********************************************************************************************************************************************************************************************************************
2023-02-21 14:34:24,367 p=3938 u=anvar n=ansible | ok: [umini-1]
2023-02-21 14:34:24,395 p=3938 u=anvar n=ansible | ok: [umini-2]
2023-02-21 14:34:24,425 p=3938 u=anvar n=ansible | TASK [Ntp_install] **************************************************************************************************************************************************************************************************************************
2023-02-21 14:34:27,830 p=3938 u=anvar n=ansible | ok: [umini-2]
2023-02-21 14:34:27,885 p=3938 u=anvar n=ansible | ok: [umini-1]
2023-02-21 14:34:27,932 p=3938 u=anvar n=ansible | PLAY [Apt_cleaner] **************************************************************************************************************************************************************************************************************************
2023-02-21 14:34:27,943 p=3938 u=anvar n=ansible | TASK [Gathering Facts] **********************************************************************************************************************************************************************************************************************
2023-02-21 14:34:29,810 p=3938 u=anvar n=ansible | ok: [umini-2]
2023-02-21 14:34:30,735 p=3938 u=anvar n=ansible | ok: [umini-1]
2023-02-21 14:34:30,763 p=3938 u=anvar n=ansible | TASK [Clean] ********************************************************************************************************************************************************************************************************************************
2023-02-21 14:34:32,366 p=3938 u=anvar n=ansible | ok: [umini-1]
2023-02-21 14:34:32,376 p=3938 u=anvar n=ansible | ok: [umini-2]
2023-02-21 14:34:32,424 p=3938 u=anvar n=ansible | PLAY RECAP **********************************************************************************************************************************************************************************************************************************
2023-02-21 14:34:32,424 p=3938 u=anvar n=ansible | umini-1                    : ok=6    changed=0    unreachable=0    failed=0    skipped=0    rescued=0    ignored=0   
2023-02-21 14:34:32,424 p=3938 u=anvar n=ansible | umini-2                    : ok=6    changed=0    unreachable=0    failed=0    skipped=0    rescued=0    ignored=0   
2023-02-21 15:23:55,181 p=4138 u=anvar n=ansiblelint | Failed to guess project directory using git: fatal: detected dubious ownership in repository at '/home/anvar/.ansible'
To add an exception for this directory, call:

	git config --global --add safe.directory /home/anvar/.ansible
2023-02-21 15:23:55,181 p=4138 u=anvar n=ansiblelint | Guessed /home/anvar/.ansible as project root directory
2023-02-21 15:23:56,820 p=4152 u=anvar n=ansible | [WARNING]: Could not match supplied host pattern, ignoring: ubuntu

2023-02-21 15:23:56,821 p=4152 u=anvar n=ansible | playbook: playbooks/ubuntu_first_init.yml
2023-02-21 15:24:06,801 p=4164 u=anvar n=ansible | PLAY [Test_ping] ****************************************************************************************************************************************************************************************************************************
2023-02-21 15:24:06,813 p=4164 u=anvar n=ansible | TASK [Gathering Facts] **********************************************************************************************************************************************************************************************************************
2023-02-21 15:24:07,618 p=4164 u=anvar n=ansible | fatal: [umini-1]: FAILED! => {"msg": "Missing sudo password"}
2023-02-21 15:24:08,526 p=4164 u=anvar n=ansible | fatal: [umini-2]: FAILED! => {"msg": "Missing sudo password"}
2023-02-21 15:24:08,528 p=4164 u=anvar n=ansible | PLAY RECAP **********************************************************************************************************************************************************************************************************************************
2023-02-21 15:24:08,528 p=4164 u=anvar n=ansible | umini-1                    : ok=0    changed=0    unreachable=0    failed=1    skipped=0    rescued=0    ignored=0   
2023-02-21 15:24:08,529 p=4164 u=anvar n=ansible | umini-2                    : ok=0    changed=0    unreachable=0    failed=1    skipped=0    rescued=0    ignored=0   
2023-02-21 15:24:44,117 p=4215 u=anvar n=ansible | PLAY [Test_ping] ****************************************************************************************************************************************************************************************************************************
2023-02-21 15:24:44,130 p=4215 u=anvar n=ansible | TASK [Gathering Facts] **********************************************************************************************************************************************************************************************************************
2023-02-21 15:24:45,475 p=4215 u=anvar n=ansible | fatal: [umini-1]: FAILED! => {"msg": "Missing sudo password"}
2023-02-21 15:24:46,284 p=4215 u=anvar n=ansible | fatal: [umini-2]: FAILED! => {"msg": "Missing sudo password"}
2023-02-21 15:24:46,286 p=4215 u=anvar n=ansible | PLAY RECAP **********************************************************************************************************************************************************************************************************************************
2023-02-21 15:24:46,287 p=4215 u=anvar n=ansible | umini-1                    : ok=0    changed=0    unreachable=0    failed=1    skipped=0    rescued=0    ignored=0   
2023-02-21 15:24:46,287 p=4215 u=anvar n=ansible | umini-2                    : ok=0    changed=0    unreachable=0    failed=1    skipped=0    rescued=0    ignored=0   
2023-02-21 15:25:25,517 p=4247 u=anvar n=ansible | PLAY [Test_ping] ****************************************************************************************************************************************************************************************************************************
2023-02-21 15:25:25,529 p=4247 u=anvar n=ansible | TASK [Gathering Facts] **********************************************************************************************************************************************************************************************************************
2023-02-21 15:25:27,830 p=4247 u=anvar n=ansible | ok: [umini-1]
2023-02-21 15:25:29,138 p=4247 u=anvar n=ansible | ok: [umini-2]
2023-02-21 15:25:29,167 p=4247 u=anvar n=ansible | TASK [Ping] *********************************************************************************************************************************************************************************************************************************
2023-02-21 15:25:29,651 p=4247 u=anvar n=ansible | ok: [umini-1]
2023-02-21 15:25:29,656 p=4247 u=anvar n=ansible | ok: [umini-2]
2023-02-21 15:25:29,704 p=4247 u=anvar n=ansible | PLAY [Ntp_install] **************************************************************************************************************************************************************************************************************************
2023-02-21 15:25:29,712 p=4247 u=anvar n=ansible | TASK [Gathering Facts] **********************************************************************************************************************************************************************************************************************
2023-02-21 15:25:30,688 p=4247 u=anvar n=ansible | ok: [umini-2]
2023-02-21 15:25:30,690 p=4247 u=anvar n=ansible | ok: [umini-1]
2023-02-21 15:25:30,721 p=4247 u=anvar n=ansible | TASK [Ntp_install] **************************************************************************************************************************************************************************************************************************
2023-02-21 15:25:34,828 p=4247 u=anvar n=ansible | ok: [umini-1]
2023-02-21 15:25:36,535 p=4247 u=anvar n=ansible | ok: [umini-2]
2023-02-21 15:25:36,580 p=4247 u=anvar n=ansible | PLAY [Apt_cleaner] **************************************************************************************************************************************************************************************************************************
2023-02-21 15:25:36,591 p=4247 u=anvar n=ansible | TASK [Gathering Facts] **********************************************************************************************************************************************************************************************************************
2023-02-21 15:25:38,461 p=4247 u=anvar n=ansible | ok: [umini-1]
2023-02-21 15:25:38,781 p=4247 u=anvar n=ansible | ok: [umini-2]
2023-02-21 15:25:38,809 p=4247 u=anvar n=ansible | TASK [Clean] ********************************************************************************************************************************************************************************************************************************
2023-02-21 15:25:40,328 p=4247 u=anvar n=ansible | ok: [umini-1]
2023-02-21 15:25:40,353 p=4247 u=anvar n=ansible | ok: [umini-2]
2023-02-21 15:25:40,397 p=4247 u=anvar n=ansible | PLAY RECAP **********************************************************************************************************************************************************************************************************************************
2023-02-21 15:25:40,398 p=4247 u=anvar n=ansible | umini-1                    : ok=6    changed=0    unreachable=0    failed=0    skipped=0    rescued=0    ignored=0   
2023-02-21 15:25:40,399 p=4247 u=anvar n=ansible | umini-2                    : ok=6    changed=0    unreachable=0    failed=0    skipped=0    rescued=0    ignored=0   
2023-02-21 15:30:05,079 p=4397 u=anvar n=ansiblelint | Failed to guess project directory using git: fatal: detected dubious ownership in repository at '/home/anvar/.ansible'
To add an exception for this directory, call:

	git config --global --add safe.directory /home/anvar/.ansible
2023-02-21 15:30:05,079 p=4397 u=anvar n=ansiblelint | Guessed /home/anvar/.ansible as project root directory
2023-02-21 15:30:06,609 p=4411 u=anvar n=ansible | [WARNING]: Could not match supplied host pattern, ignoring: ubuntu

2023-02-21 15:30:06,611 p=4411 u=anvar n=ansible | playbook: playbooks/ubuntu_first_init.yml
2023-02-21 15:30:06,761 p=4397 u=anvar n=ansiblelint | Listing 1 violation(s) that are fatal
2023-02-21 15:30:25,890 p=4435 u=anvar n=ansiblelint | Failed to guess project directory using git: fatal: detected dubious ownership in repository at '/home/anvar/.ansible'
To add an exception for this directory, call:

	git config --global --add safe.directory /home/anvar/.ansible
2023-02-21 15:30:25,890 p=4435 u=anvar n=ansiblelint | Guessed /home/anvar/.ansible as project root directory
2023-02-21 15:30:27,432 p=4449 u=anvar n=ansible | [WARNING]: Could not match supplied host pattern, ignoring: ubuntu

2023-02-21 15:30:27,435 p=4449 u=anvar n=ansible | playbook: playbooks/ubuntu_first_init.yml
2023-02-21 15:30:47,373 p=4467 u=anvar n=ansible | PLAY [Test_ping] ****************************************************************************************************************************************************************************************************************************
2023-02-21 15:30:47,384 p=4467 u=anvar n=ansible | TASK [Gathering Facts] **********************************************************************************************************************************************************************************************************************
2023-02-21 15:30:49,716 p=4467 u=anvar n=ansible | ok: [umini-1]
2023-02-21 15:30:49,786 p=4467 u=anvar n=ansible | ok: [umini-2]
2023-02-21 15:30:49,814 p=4467 u=anvar n=ansible | TASK [Ping] *********************************************************************************************************************************************************************************************************************************
2023-02-21 15:30:50,305 p=4467 u=anvar n=ansible | ok: [umini-1]
2023-02-21 15:30:50,305 p=4467 u=anvar n=ansible | ok: [umini-2]
2023-02-21 15:30:50,349 p=4467 u=anvar n=ansible | PLAY [Ntp_install] **************************************************************************************************************************************************************************************************************************
2023-02-21 15:30:50,357 p=4467 u=anvar n=ansible | TASK [Gathering Facts] **********************************************************************************************************************************************************************************************************************
2023-02-21 15:30:51,318 p=4467 u=anvar n=ansible | ok: [umini-1]
2023-02-21 15:30:51,343 p=4467 u=anvar n=ansible | ok: [umini-2]
2023-02-21 15:30:51,369 p=4467 u=anvar n=ansible | TASK [Ntp_install] **************************************************************************************************************************************************************************************************************************
2023-02-21 15:30:55,010 p=4467 u=anvar n=ansible | ok: [umini-2]
2023-02-21 15:30:55,418 p=4467 u=anvar n=ansible | ok: [umini-1]
2023-02-21 15:30:55,460 p=4467 u=anvar n=ansible | PLAY [Restart NTP] **************************************************************************************************************************************************************************************************************************
2023-02-21 15:30:55,470 p=4467 u=anvar n=ansible | TASK [Gathering Facts] **********************************************************************************************************************************************************************************************************************
2023-02-21 15:30:57,222 p=4467 u=anvar n=ansible | ok: [umini-1]
2023-02-21 15:30:57,286 p=4467 u=anvar n=ansible | ok: [umini-2]
2023-02-21 15:30:57,335 p=4467 u=anvar n=ansible | TASK [Ntp_restart] **************************************************************************************************************************************************************************************************************************
2023-02-21 15:30:58,224 p=4467 u=anvar n=ansible | changed: [umini-2]
2023-02-21 15:30:58,281 p=4467 u=anvar n=ansible | changed: [umini-1]
2023-02-21 15:30:58,326 p=4467 u=anvar n=ansible | PLAY [Apt_cleaner] **************************************************************************************************************************************************************************************************************************
2023-02-21 15:30:58,334 p=4467 u=anvar n=ansible | TASK [Gathering Facts] **********************************************************************************************************************************************************************************************************************
2023-02-21 15:30:59,294 p=4467 u=anvar n=ansible | ok: [umini-1]
2023-02-21 15:30:59,315 p=4467 u=anvar n=ansible | ok: [umini-2]
2023-02-21 15:30:59,341 p=4467 u=anvar n=ansible | TASK [Clean] ********************************************************************************************************************************************************************************************************************************
2023-02-21 15:31:00,921 p=4467 u=anvar n=ansible | ok: [umini-1]
2023-02-21 15:31:00,931 p=4467 u=anvar n=ansible | ok: [umini-2]
2023-02-21 15:31:00,976 p=4467 u=anvar n=ansible | PLAY RECAP **********************************************************************************************************************************************************************************************************************************
2023-02-21 15:31:00,977 p=4467 u=anvar n=ansible | umini-1                    : ok=8    changed=1    unreachable=0    failed=0    skipped=0    rescued=0    ignored=0   
2023-02-21 15:31:00,977 p=4467 u=anvar n=ansible | umini-2                    : ok=8    changed=1    unreachable=0    failed=0    skipped=0    rescued=0    ignored=0   
2023-02-21 16:08:33,790 p=5261 u=anvar n=ansiblelint | Guessed /home/anvar/.ansible as project root directory
2023-02-21 16:08:35,412 p=5275 u=anvar n=ansible | [WARNING]: Could not match supplied host pattern, ignoring: ubuntu

2023-02-21 16:08:35,413 p=5275 u=anvar n=ansible | playbook: playbooks/ubuntu_ntp_install.yml
2023-02-21 16:10:02,205 p=5366 u=anvar n=ansible | PLAY [Test_ping] ****************************************************************************************************************************************************************************************************************************
2023-02-21 16:10:02,218 p=5366 u=anvar n=ansible | TASK [Gathering Facts] **********************************************************************************************************************************************************************************************************************
2023-02-21 16:10:03,771 p=5366 u=anvar n=ansible | fatal: [umini-2]: FAILED! => {"msg": "Missing sudo password"}
2023-02-21 16:10:03,951 p=5366 u=anvar n=ansible | fatal: [umini-1]: FAILED! => {"msg": "Missing sudo password"}
2023-02-21 16:10:03,953 p=5366 u=anvar n=ansible | PLAY RECAP **********************************************************************************************************************************************************************************************************************************
2023-02-21 16:10:03,954 p=5366 u=anvar n=ansible | umini-1                    : ok=0    changed=0    unreachable=0    failed=1    skipped=0    rescued=0    ignored=0   
2023-02-21 16:10:03,955 p=5366 u=anvar n=ansible | umini-2                    : ok=0    changed=0    unreachable=0    failed=1    skipped=0    rescued=0    ignored=0   
2023-02-21 16:10:56,701 p=5608 u=anvar n=ansible | PLAY [Test_ping] ****************************************************************************************************************************************************************************************************************************
2023-02-21 16:10:56,713 p=5608 u=anvar n=ansible | TASK [Gathering Facts] **********************************************************************************************************************************************************************************************************************
2023-02-21 16:10:58,833 p=5608 u=anvar n=ansible | ok: [umini-2]
2023-02-21 16:10:59,039 p=5608 u=anvar n=ansible | ok: [umini-1]
2023-02-21 16:10:59,067 p=5608 u=anvar n=ansible | TASK [Ping] *********************************************************************************************************************************************************************************************************************************
2023-02-21 16:10:59,561 p=5608 u=anvar n=ansible | ok: [umini-1]
2023-02-21 16:10:59,562 p=5608 u=anvar n=ansible | ok: [umini-2]
2023-02-21 16:10:59,569 p=5608 u=anvar n=ansible | TASK [Ntp_install] **************************************************************************************************************************************************************************************************************************
2023-02-21 16:11:08,114 p=5608 u=anvar n=ansible | ok: [umini-1]
2023-02-21 16:11:13,054 p=5608 u=anvar n=ansible | ok: [umini-2]
2023-02-21 16:11:13,062 p=5608 u=anvar n=ansible | TASK [Ntp_restart] **************************************************************************************************************************************************************************************************************************
2023-02-21 16:11:14,915 p=5608 u=anvar n=ansible | changed: [umini-1]
2023-02-21 16:11:14,985 p=5608 u=anvar n=ansible | changed: [umini-2]
2023-02-21 16:11:14,993 p=5608 u=anvar n=ansible | TASK [Clean] ********************************************************************************************************************************************************************************************************************************
2023-02-21 16:11:16,905 p=5608 u=anvar n=ansible | ok: [umini-1]
2023-02-21 16:11:16,916 p=5608 u=anvar n=ansible | ok: [umini-2]
2023-02-21 16:11:16,962 p=5608 u=anvar n=ansible | PLAY RECAP **********************************************************************************************************************************************************************************************************************************
2023-02-21 16:11:16,962 p=5608 u=anvar n=ansible | umini-1                    : ok=5    changed=1    unreachable=0    failed=0    skipped=0    rescued=0    ignored=0   
2023-02-21 16:11:16,963 p=5608 u=anvar n=ansible | umini-2                    : ok=5    changed=1    unreachable=0    failed=0    skipped=0    rescued=0    ignored=0   
2023-02-21 16:13:28,343 p=5931 u=anvar n=ansible | PLAY [NTP_Install_play] *********************************************************************************************************************************************************************************************************************
2023-02-21 16:13:28,355 p=5931 u=anvar n=ansible | TASK [Gathering Facts] **********************************************************************************************************************************************************************************************************************
2023-02-21 16:13:30,770 p=5931 u=anvar n=ansible | ok: [umini-1]
2023-02-21 16:13:30,829 p=5931 u=anvar n=ansible | ok: [umini-2]
2023-02-21 16:13:30,857 p=5931 u=anvar n=ansible | TASK [Test_ping] ****************************************************************************************************************************************************************************************************************************
2023-02-21 16:13:31,366 p=5931 u=anvar n=ansible | ok: [umini-2]
2023-02-21 16:13:31,371 p=5931 u=anvar n=ansible | ok: [umini-1]
2023-02-21 16:13:31,379 p=5931 u=anvar n=ansible | TASK [Ntp_install] **************************************************************************************************************************************************************************************************************************
2023-02-21 16:13:34,925 p=5931 u=anvar n=ansible | ok: [umini-1]
2023-02-21 16:13:35,146 p=5931 u=anvar n=ansible | ok: [umini-2]
2023-02-21 16:13:35,155 p=5931 u=anvar n=ansible | TASK [Ntp_restart] **************************************************************************************************************************************************************************************************************************
2023-02-21 16:13:36,882 p=5931 u=anvar n=ansible | changed: [umini-2]
2023-02-21 16:13:37,061 p=5931 u=anvar n=ansible | changed: [umini-1]
2023-02-21 16:13:37,068 p=5931 u=anvar n=ansible | TASK [Clean] ********************************************************************************************************************************************************************************************************************************
2023-02-21 16:13:38,603 p=5931 u=anvar n=ansible | ok: [umini-1]
2023-02-21 16:13:38,630 p=5931 u=anvar n=ansible | ok: [umini-2]
2023-02-21 16:13:38,676 p=5931 u=anvar n=ansible | PLAY RECAP **********************************************************************************************************************************************************************************************************************************
2023-02-21 16:13:38,676 p=5931 u=anvar n=ansible | umini-1                    : ok=5    changed=1    unreachable=0    failed=0    skipped=0    rescued=0    ignored=0   
2023-02-21 16:13:38,676 p=5931 u=anvar n=ansible | umini-2                    : ok=5    changed=1    unreachable=0    failed=0    skipped=0    rescued=0    ignored=0   
